<?xml version="1.0" encoding="UTF-8"?>
<!-- Generated by org.testng.reporters.JUnitXMLReporter -->
<testsuite ignored="1" hostname="dnyanesh" failures="0" tests="1" name="Default test" time="56.527" errors="0" timestamp="2022-10-02T02:04:54 IST">
  <testcase classname="com.redifmail.test.SinInPageTest" name="checklogInpage" time="7.084"/>
  <testcase classname="com.redifmail.test.SinInPageTest" name="varifySinInPage" time="0.0">
    <ignored/>
  </testcase> <!-- varifySinInPage -->
</testsuite> <!-- Default test -->
